This file contains any messages produced by compilers while
running configure, to aid debugging if configure makes a mistake.

It was created by DRAGON configure 3.1.0, which was
generated by GNU Autoconf 2.72.  Invocation command line was

  $ ./configure --with-cfitsio-library=/opt/homebrew/Cellar/cfitsio/4.4.1/lib/ --with-cfitsio-library=/opt/homebrew/Cellar/cfitsio/4.4.1/include/ --with-numcpu=10

## --------- ##
## Platform. ##
## --------- ##

hostname = MacBook-Pro.local
uname -m = arm64
uname -r = 24.0.0
uname -s = Darwin
uname -v = Darwin Kernel Version 24.0.0: Tue Sep 24 23:39:07 PDT 2024; root:xnu-11215.1.12~1/RELEASE_ARM64_T6000

/usr/bin/uname -p = arm
/bin/uname -X     = unknown

/bin/arch              = unknown
/usr/bin/arch -k       = unknown
/usr/convex/getsysinfo = unknown
/usr/bin/hostinfo      = Mach kernel version:
	 Darwin Kernel Version 24.0.0: Tue Sep 24 23:39:07 PDT 2024; root:xnu-11215.1.12~1/RELEASE_ARM64_T6000
Kernel configured for up to 10 processors.
10 processors are physically available.
10 processors are logically available.
Processor type: arm64e (ARM64E)
Processors active: 0 1 2 3 4 5 6 7 8 9
Primary memory available: 16.00 gigabytes
Default processor set: 508 tasks, 3871 threads, 10 processors
Load average: 3.30, Mach factor: 6.72
/bin/machine           = unknown
/usr/bin/oslevel       = unknown
/bin/universe          = unknown

PATH: /opt/homebrew/anaconda3/bin/
PATH: /opt/homebrew/anaconda3/condabin/
PATH: /opt/homebrew/bin/
PATH: /opt/homebrew/sbin/
PATH: /usr/local/bin/
PATH: /System/Cryptexes/App/usr/bin/
PATH: /usr/bin/
PATH: /bin/
PATH: /usr/sbin/
PATH: /sbin/
PATH: /var/run/com.apple.security.cryptexd/codex.system/bootstrap/usr/local/bin/
PATH: /var/run/com.apple.security.cryptexd/codex.system/bootstrap/usr/bin/
PATH: /var/run/com.apple.security.cryptexd/codex.system/bootstrap/usr/appleinternal/bin/
PATH: /opt/X11/bin/
PATH: /Library/Apple/usr/bin/


## ----------- ##
## Core tests. ##
## ----------- ##

configure:3194: looking for aux files: compile config.guess config.sub ltmain.sh missing install-sh
configure:3207:  trying ./
configure:3236:   ./compile found
configure:3236:   ./config.guess found
configure:3236:   ./config.sub found
configure:3236:   ./ltmain.sh found
configure:3236:   ./missing found
configure:3218:   ./install-sh found
configure:3368: checking for a BSD-compatible install
configure:3442: result: /usr/bin/install -c
configure:3453: checking whether sleep supports fractional seconds
configure:3469: result: yes
configure:3472: checking filesystem timestamp resolution
configure:3607: result: 2
configure:3612: checking whether build environment is sane
configure:3653: result: yes
configure:3824: checking for a race-free mkdir -p
configure:3867: result: mkdir -p
configure:3874: checking for gawk
configure:3910: result: no
configure:3874: checking for mawk
configure:3910: result: no
configure:3874: checking for nawk
configure:3910: result: no
configure:3874: checking for awk
configure:3895: found /usr/bin/awk
configure:3907: result: awk
configure:3918: checking whether make sets $(MAKE)
configure:3942: result: yes
configure:3968: checking whether make supports nested variables
configure:3987: result: yes
configure:4001: checking xargs -n works
configure:4017: result: yes
configure:4147: checking build system type
configure:4163: result: aarch64-apple-darwin24.0.0
configure:4183: checking host system type
configure:4198: result: aarch64-apple-darwin24.0.0
configure:4231: checking whether make supports the include directive
configure:4246: make -f confmf.GNU && cat confinc.out
this is the am__doit target
configure:4249: $? = 0
configure:4268: result: yes (GNU style)
configure:4345: checking for gcc
configure:4366: found /usr/bin/gcc
configure:4378: result: gcc
configure:4737: checking for C compiler version
configure:4746: gcc --version >&5
Apple clang version 16.0.0 (clang-1600.0.26.3)
Target: arm64-apple-darwin24.0.0
Thread model: posix
InstalledDir: /Library/Developer/CommandLineTools/usr/bin
configure:4757: $? = 0
configure:4746: gcc -v >&5
Apple clang version 16.0.0 (clang-1600.0.26.3)
Target: arm64-apple-darwin24.0.0
Thread model: posix
InstalledDir: /Library/Developer/CommandLineTools/usr/bin
configure:4757: $? = 0
configure:4746: gcc -V >&5
clang: error: argument to '-V' is missing (expected 1 value)
clang: error: no input files
configure:4757: $? = 1
configure:4746: gcc -qversion >&5
clang: error: unknown argument '-qversion'; did you mean '--version'?
clang: error: no input files
configure:4757: $? = 1
configure:4746: gcc -version >&5
clang: error: unknown argument '-version'; did you mean '--version'?
clang: error: no input files
configure:4757: $? = 1
configure:4777: checking whether the C compiler works
configure:4799: gcc    conftest.c  >&5
configure:4803: $? = 0
configure:4854: result: yes
configure:4858: checking for C compiler default output file name
configure:4860: result: a.out
configure:4866: checking for suffix of executables
configure:4873: gcc -o conftest    conftest.c  >&5
configure:4877: $? = 0
configure:4901: result: 
configure:4925: checking whether we are cross compiling
configure:4933: gcc -o conftest    conftest.c  >&5
configure:4937: $? = 0
configure:4944: ./conftest
configure:4948: $? = 0
configure:4963: result: no
configure:4969: checking for suffix of object files
configure:4992: gcc -c   conftest.c >&5
configure:4996: $? = 0
configure:5020: result: o
configure:5024: checking whether the compiler supports GNU C
configure:5044: gcc -c   conftest.c >&5
configure:5044: $? = 0
configure:5056: result: yes
configure:5067: checking whether gcc accepts -g
configure:5088: gcc -c -g  conftest.c >&5
configure:5088: $? = 0
configure:5135: result: yes
configure:5155: checking for gcc option to enable C11 features
configure:5170: gcc  -c -g -O2  conftest.c >&5
configure:5170: $? = 0
configure:5189: result: none needed
configure:5313: checking whether gcc understands -c and -o together
configure:5336: gcc -c conftest.c -o conftest2.o
configure:5339: $? = 0
configure:5336: gcc -c conftest.c -o conftest2.o
configure:5339: $? = 0
configure:5352: result: yes
configure:5371: checking dependency style of gcc
configure:5484: result: gcc3
configure:5499: checking for a sed that does not truncate output
configure:5571: result: /usr/bin/sed
configure:5589: checking for grep that handles long lines and -e
configure:5655: result: /usr/bin/grep
configure:5660: checking for egrep
configure:5730: result: /usr/bin/grep -E
configure:5737: checking for fgrep
configure:5807: result: /usr/bin/grep -F
configure:5844: checking for ld used by gcc
configure:5913: result: /Library/Developer/CommandLineTools/usr/bin/ld
configure:5920: checking if the linker (/Library/Developer/CommandLineTools/usr/bin/ld) is GNU ld
configure:5937: result: no
configure:5949: checking for BSD- or MS-compatible name lister (nm)
configure:6000: result: /usr/bin/nm -B
configure:6130: checking the name lister (/usr/bin/nm -B) interface
configure:6138: gcc -c -g -O2  conftest.c >&5
configure:6141: /usr/bin/nm -B "conftest.o"
configure:6144: output
0000000000000290 S _some_variable
0000000000000000 t ltmp0
0000000000000290 s ltmp1
configure:6152: result: BSD nm
configure:6155: checking whether ln -s works
configure:6159: result: yes
configure:6167: checking the maximum length of command line arguments
configure:6289: result: 786432
configure:6306: checking whether the shell understands some XSI constructs
configure:6316: result: yes
configure:6320: checking whether the shell understands "+="
configure:6326: result: yes
configure:6361: checking for /Library/Developer/CommandLineTools/usr/bin/ld option to reload object files
configure:6370: result: -r
configure:6445: checking for objdump
configure:6466: found /usr/bin/objdump
configure:6478: result: objdump
configure:6510: checking how to recognize dependent libraries
configure:6708: result: pass_all
configure:6774: checking for ar
configure:6795: found /opt/homebrew/anaconda3/bin/ar
configure:6807: result: ar
configure:6891: checking for strip
configure:6912: found /opt/homebrew/anaconda3/bin/strip
configure:6924: result: strip
configure:7002: checking for ranlib
configure:7023: found /opt/homebrew/anaconda3/bin/ranlib
configure:7035: result: ranlib
configure:7125: checking command to parse /usr/bin/nm -B output from gcc object
configure:7244: gcc -c -g -O2  conftest.c >&5
configure:7247: $? = 0
configure:7251: /usr/bin/nm -B conftest.o \| sed -n -e 's/^.*[	 ]\([ABCDGIRSTW][ABCDGIRSTW]*\)[	 ][	 ]*\([_A-Za-z][_A-Za-z0-9]*\)$/\1 \2 \2/p' \> conftest.nm
configure:7254: $? = 0
cannot find nm_test_var in conftest.nm
configure:7244: gcc -c -g -O2  conftest.c >&5
configure:7247: $? = 0
configure:7251: /usr/bin/nm -B conftest.o \| sed -n -e 's/^.*[	 ]\([ABCDGIRSTW][ABCDGIRSTW]*\)[	 ][	 ]*_\([_A-Za-z][_A-Za-z0-9]*\)$/\1 _\2 \2/p' \> conftest.nm
configure:7254: $? = 0
configure:7308: gcc -o conftest -g -O2   conftest.c conftstm.o >&5
configure:7311: $? = 0
configure:7350: result: ok
configure:7626: checking for dsymutil
configure:7647: found /usr/bin/dsymutil
configure:7659: result: dsymutil
configure:7730: checking for nmedit
configure:7751: found /opt/homebrew/anaconda3/bin/nmedit
configure:7763: result: nmedit
configure:7834: checking for lipo
configure:7855: found /opt/homebrew/anaconda3/bin/lipo
configure:7867: result: lipo
configure:7938: checking for otool
configure:7959: found /opt/homebrew/anaconda3/bin/otool
configure:7971: result: otool
configure:8042: checking for otool64
configure:8078: result: no
configure:8123: checking for -single_module linker flag
gcc -g -O2  -o libconftest.dylib -dynamiclib -Wl,-single_module conftest.c
ld: warning: -single_module is obsolete
configure:8152: result: no
configure:8154: checking for -exported_symbols_list linker flag
configure:8175: gcc -o conftest -g -O2   -Wl,-exported_symbols_list,conftest.sym conftest.c  >&5
configure:8175: $? = 0
configure:8188: result: yes
configure:8229: checking for stdio.h
configure:8229: gcc -c -g -O2  conftest.c >&5
configure:8229: $? = 0
configure:8229: result: yes
configure:8229: checking for stdlib.h
configure:8229: gcc -c -g -O2  conftest.c >&5
configure:8229: $? = 0
configure:8229: result: yes
configure:8229: checking for string.h
configure:8229: gcc -c -g -O2  conftest.c >&5
configure:8229: $? = 0
configure:8229: result: yes
configure:8229: checking for inttypes.h
configure:8229: gcc -c -g -O2  conftest.c >&5
configure:8229: $? = 0
configure:8229: result: yes
configure:8229: checking for stdint.h
configure:8229: gcc -c -g -O2  conftest.c >&5
configure:8229: $? = 0
configure:8229: result: yes
configure:8229: checking for strings.h
configure:8229: gcc -c -g -O2  conftest.c >&5
configure:8229: $? = 0
configure:8229: result: yes
configure:8229: checking for sys/stat.h
configure:8229: gcc -c -g -O2  conftest.c >&5
configure:8229: $? = 0
configure:8229: result: yes
configure:8229: checking for sys/types.h
configure:8229: gcc -c -g -O2  conftest.c >&5
configure:8229: $? = 0
configure:8229: result: yes
configure:8229: checking for unistd.h
configure:8229: gcc -c -g -O2  conftest.c >&5
configure:8229: $? = 0
configure:8229: result: yes
configure:8254: checking for dlfcn.h
configure:8254: gcc -c -g -O2  conftest.c >&5
configure:8254: $? = 0
configure:8254: result: yes
configure:8443: checking for objdir
configure:8460: result: .libs
configure:8758: checking if gcc supports -fno-rtti -fno-exceptions
configure:8777: gcc -c -g -O2  -fno-rtti -fno-exceptions conftest.c >&5
configure:8781: $? = 0
configure:8795: result: yes
configure:8815: checking for gcc option to produce PIC
configure:9087: result: -fno-common -DPIC
configure:9099: checking if gcc PIC flag -fno-common -DPIC works
configure:9118: gcc -c -g -O2  -fno-common -DPIC -DPIC conftest.c >&5
configure:9122: $? = 0
configure:9136: result: yes
configure:9160: checking if gcc static flag -static works
configure:9190: result: no
configure:9205: checking if gcc supports -c -o file.o
configure:9227: gcc -c -g -O2  -o out/conftest2.o conftest.c >&5
configure:9231: $? = 0
configure:9254: result: yes
configure:9262: checking if gcc supports -c -o file.o
configure:9311: result: yes
configure:9344: checking whether the gcc linker (/Library/Developer/CommandLineTools/usr/bin/ld) supports shared libraries
configure:10333: result: yes
configure:10572: checking dynamic linker characteristics
configure:11228: result: darwin24.0.0 dyld
configure:11330: checking how to hardcode library paths into programs
configure:11355: result: immediate
configure:11927: checking whether stripping libraries is possible
configure:11941: result: yes
configure:11967: checking if libtool supports shared libraries
configure:11969: result: yes
configure:11972: checking whether to build shared libraries
configure:11993: result: yes
configure:11996: checking whether to build static libraries
configure:12000: result: yes
configure:12135: checking for icpc
configure:12171: result: no
configure:12135: checking for g++
configure:12156: found /usr/bin/g++
configure:12168: result: g++
configure:12195: checking for C++ compiler version
configure:12204: g++ --version >&5
Apple clang version 16.0.0 (clang-1600.0.26.3)
Target: arm64-apple-darwin24.0.0
Thread model: posix
InstalledDir: /Library/Developer/CommandLineTools/usr/bin
configure:12215: $? = 0
configure:12204: g++ -v >&5
Apple clang version 16.0.0 (clang-1600.0.26.3)
Target: arm64-apple-darwin24.0.0
Thread model: posix
InstalledDir: /Library/Developer/CommandLineTools/usr/bin
configure:12215: $? = 0
configure:12204: g++ -V >&5
clang++: error: argument to '-V' is missing (expected 1 value)
clang++: error: no input files
configure:12215: $? = 1
configure:12204: g++ -qversion >&5
clang++: error: unknown argument '-qversion'; did you mean '--version'?
clang++: error: no input files
configure:12215: $? = 1
configure:12219: checking whether the compiler supports GNU C++
configure:12239: g++ -c   conftest.cpp >&5
configure:12239: $? = 0
configure:12251: result: yes
configure:12262: checking whether g++ accepts -g
configure:12283: g++ -c -g  conftest.cpp >&5
configure:12283: $? = 0
configure:12330: result: yes
configure:12350: checking for g++ option to enable C++11 features
configure:12365: g++  -c -g -O2  conftest.cpp >&5
conftest.cpp:69:3: error: "Compiler does not advertise C++11 conformance"
   69 | # error "Compiler does not advertise C++11 conformance"
      |   ^
conftest.cpp:74:3: error: unknown type name 'constexpr'
   74 |   constexpr int get_val() { return 20; }
      |   ^
conftest.cpp:86:17: error: delegating constructors are permitted only in C++11
   86 |     delegate(): delegate(2354) {}
      |                 ^~~~~~~~
conftest.cpp:97:26: warning: 'override' keyword is a C++11 extension [-Wc++11-extensions]
   97 |     virtual int getval() override final { return this->n * 2; }
      |                          ^
conftest.cpp:97:35: warning: 'final' keyword is a C++11 extension [-Wc++11-extensions]
   97 |     virtual int getval() override final { return this->n * 2; }
      |                                   ^
conftest.cpp:104:16: warning: defaulted function definitions are a C++11 extension [-Wc++11-extensions]
  104 |     nocopy() = default;
      |                ^
conftest.cpp:105:29: warning: deleted function definitions are a C++11 extension [-Wc++11-extensions]
  105 |     nocopy(const nocopy&) = delete;
      |                             ^
conftest.cpp:106:41: warning: deleted function definitions are a C++11 extension [-Wc++11-extensions]
  106 |     nocopy & operator=(const nocopy&) = delete;
      |                                         ^
conftest.cpp:118:25: warning: 'auto' type specifier is a C++11 extension [-Wc++11-extensions]
  118 |   template <typename V> auto sum(V first) -> V
      |                         ^
conftest.cpp:118:25: error: 'auto' not allowed in function return type
  118 |   template <typename V> auto sum(V first) -> V
      |                         ^~~~
conftest.cpp:118:42: error: expected ';' at end of declaration
  118 |   template <typename V> auto sum(V first) -> V
      |                                          ^
      |                                          ;
conftest.cpp:118:43: error: cannot use arrow operator on a type
  118 |   template <typename V> auto sum(V first) -> V
      |                                           ^
conftest.cpp:122:33: warning: variadic templates are a C++11 extension [-Wc++11-extensions]
  122 |   template <typename V, typename... Args> auto sum(V first, Args... rest) -> V
      |                                 ^
conftest.cpp:122:43: warning: 'auto' type specifier is a C++11 extension [-Wc++11-extensions]
  122 |   template <typename V, typename... Args> auto sum(V first, Args... rest) -> V
      |                                           ^
conftest.cpp:122:43: error: 'auto' not allowed in function return type
  122 |   template <typename V, typename... Args> auto sum(V first, Args... rest) -> V
      |                                           ^~~~
conftest.cpp:122:74: error: expected ';' at end of declaration
  122 |   template <typename V, typename... Args> auto sum(V first, Args... rest) -> V
      |                                                                          ^
      |                                                                          ;
conftest.cpp:122:75: error: cannot use arrow operator on a type
  122 |   template <typename V, typename... Args> auto sum(V first, Args... rest) -> V
      |                                                                           ^
conftest.cpp:146:3: warning: 'auto' type specifier is a C++11 extension [-Wc++11-extensions]
  146 |   auto a1 = 6538;
      |   ^
conftest.cpp:147:3: warning: 'auto' type specifier is a C++11 extension [-Wc++11-extensions]
  147 |   auto a2 = 48573953.4;
      |   ^
conftest.cpp:148:3: warning: 'auto' type specifier is a C++11 extension [-Wc++11-extensions]
  148 |   auto a3 = "String literal";
      |   ^
conftest.cpp:151:8: warning: 'auto' type specifier is a C++11 extension [-Wc++11-extensions]
  151 |   for (auto i = a3; *i; ++i) { total += *i; }
      |        ^
conftest.cpp:167:8: warning: 'auto' type specifier is a C++11 extension [-Wc++11-extensions]
  167 |   for (auto &x : array) { x += 23; }
      |        ^
conftest.cpp:167:16: warning: range-based for loop is a C++11 extension [-Wc++11-extensions]
  167 |   for (auto &x : array) { x += 23; }
      |                ^
conftest.cpp:172:17: error: expected expression
  172 |   assert (eval ([](int x) { return x*2; }, 21) == 42);
      |                 ^
conftest.cpp:174:17: error: expected expression
  174 |   assert (eval ([&](double x) { return d += x; }, 3.0) == 5.0);
      |                 ^
conftest.cpp:176:17: error: expected expression
  176 |   assert (eval ([=](double x) mutable { return d += x; }, 4.0) == 9.0);
      |                 ^
conftest.cpp:182:3: warning: 'auto' type specifier is a C++11 extension [-Wc++11-extensions]
  182 |   auto a = sum(1);
      |   ^
conftest.cpp:182:12: error: no matching function for call to 'sum'
  182 |   auto a = sum(1);
      |            ^~~
conftest.cpp:183:3: warning: 'auto' type specifier is a C++11 extension [-Wc++11-extensions]
  183 |   auto b = sum(1, 2);
      |   ^
conftest.cpp:183:12: error: no matching function for call to 'sum'
  183 |   auto b = sum(1, 2);
      |            ^~~
conftest.cpp:184:3: warning: 'auto' type specifier is a C++11 extension [-Wc++11-extensions]
  184 |   auto c = sum(1.0, 2.0, 3.0);
      |   ^
conftest.cpp:184:12: error: no matching function for call to 'sum'
  184 |   auto c = sum(1.0, 2.0, 3.0);
      |            ^~~
conftest.cpp:189:25: warning: empty parentheses interpreted as a function declaration [-Wvexing-parse]
  189 |   cxx11test::delegate d2();
      |                         ^~
conftest.cpp:189:25: note: remove parentheses to declare a variable
  189 |   cxx11test::delegate d2();
      |                         ^~
conftest.cpp:202:16: error: found '<::' after a template name which forms the digraph '<:' (aka '[') and a ':', did you mean '< ::'?
  202 |   test_template<::test_template<int>> v(test_template<int>(12));
      |                ^~~
      |                < ::
conftest.cpp:202:36: error: a space is required between consecutive right angle brackets (use '> >')
  202 |   test_template<::test_template<int>> v(test_template<int>(12));
      |                                    ^~
      |                                    > >
conftest.cpp:206:22: error: use of undeclared identifier 'u8'
  206 |   char const *utf8 = u8"UTF-8 string \u2500";
      |                      ^
conftest.cpp:206:24: error: expected ';' at end of declaration
  206 |   char const *utf8 = u8"UTF-8 string \u2500";
      |                        ^
      |                        ;
fatal error: too many errors emitted, stopping now [-ferror-limit=]
18 warnings and 20 errors generated.
configure:12365: $? = 1
configure: failed program was:
| /* confdefs.h */
| #define PACKAGE_NAME "DRAGON"
| #define PACKAGE_TARNAME "dragon"
| #define PACKAGE_VERSION "3.1.0"
| #define PACKAGE_STRING "DRAGON 3.1.0"
| #define PACKAGE_BUGREPORT "luca.maccione@lmu.de"
| #define PACKAGE_URL ""
| #define PACKAGE "dragon"
| #define VERSION "3.1.0"
| #define HAVE_STDIO_H 1
| #define HAVE_STDLIB_H 1
| #define HAVE_STRING_H 1
| #define HAVE_INTTYPES_H 1
| #define HAVE_STDINT_H 1
| #define HAVE_STRINGS_H 1
| #define HAVE_SYS_STAT_H 1
| #define HAVE_SYS_TYPES_H 1
| #define HAVE_UNISTD_H 1
| #define STDC_HEADERS 1
| #define HAVE_DLFCN_H 1
| #define LT_OBJDIR ".libs/"
| /* end confdefs.h.  */
| 
| // Does the compiler advertise C++98 conformance?
| #if !defined __cplusplus || __cplusplus < 199711L
| # error "Compiler does not advertise C++98 conformance"
| #endif
| 
| // These inclusions are to reject old compilers that
| // lack the unsuffixed header files.
| #include <cstdlib>
| #include <exception>
| 
| // <cassert> and <cstring> are *not* freestanding headers in C++98.
| extern void assert (int);
| namespace std {
|   extern int strcmp (const char *, const char *);
| }
| 
| // Namespaces, exceptions, and templates were all added after "C++ 2.0".
| using std::exception;
| using std::strcmp;
| 
| namespace {
| 
| void test_exception_syntax()
| {
|   try {
|     throw "test";
|   } catch (const char *s) {
|     // Extra parentheses suppress a warning when building autoconf itself,
|     // due to lint rules shared with more typical C programs.
|     assert (!(strcmp) (s, "test"));
|   }
| }
| 
| template <typename T> struct test_template
| {
|   T const val;
|   explicit test_template(T t) : val(t) {}
|   template <typename U> T add(U u) { return static_cast<T>(u) + val; }
| };
| 
| } // anonymous namespace
| 
| 
| // Does the compiler advertise C++ 2011 conformance?
| #if !defined __cplusplus || __cplusplus < 201103L
| # error "Compiler does not advertise C++11 conformance"
| #endif
| 
| namespace cxx11test
| {
|   constexpr int get_val() { return 20; }
| 
|   struct testinit
|   {
|     int i;
|     double d;
|   };
| 
|   class delegate
|   {
|   public:
|     delegate(int n) : n(n) {}
|     delegate(): delegate(2354) {}
| 
|     virtual int getval() { return this->n; };
|   protected:
|     int n;
|   };
| 
|   class overridden : public delegate
|   {
|   public:
|     overridden(int n): delegate(n) {}
|     virtual int getval() override final { return this->n * 2; }
|   };
| 
|   class nocopy
|   {
|   public:
|     nocopy(int i): i(i) {}
|     nocopy() = default;
|     nocopy(const nocopy&) = delete;
|     nocopy & operator=(const nocopy&) = delete;
|   private:
|     int i;
|   };
| 
|   // for testing lambda expressions
|   template <typename Ret, typename Fn> Ret eval(Fn f, Ret v)
|   {
|     return f(v);
|   }
| 
|   // for testing variadic templates and trailing return types
|   template <typename V> auto sum(V first) -> V
|   {
|     return first;
|   }
|   template <typename V, typename... Args> auto sum(V first, Args... rest) -> V
|   {
|     return first + sum(rest...);
|   }
| }
| 
| 
| int
| main (int argc, char **argv)
| {
|   int ok = 0;
|   
|   assert (argc);
|   assert (! argv[0]);
| {
|   test_exception_syntax ();
|   test_template<double> tt (2.0);
|   assert (tt.add (4) == 6.0);
|   assert (true && !false);
| }
| 
|   
| {
|   // Test auto and decltype
|   auto a1 = 6538;
|   auto a2 = 48573953.4;
|   auto a3 = "String literal";
| 
|   int total = 0;
|   for (auto i = a3; *i; ++i) { total += *i; }
| 
|   decltype(a2) a4 = 34895.034;
| }
| {
|   // Test constexpr
|   short sa[cxx11test::get_val()] = { 0 };
| }
| {
|   // Test initializer lists
|   cxx11test::testinit il = { 4323, 435234.23544 };
| }
| {
|   // Test range-based for
|   int array[] = {9, 7, 13, 15, 4, 18, 12, 10, 5, 3,
|                  14, 19, 17, 8, 6, 20, 16, 2, 11, 1};
|   for (auto &x : array) { x += 23; }
| }
| {
|   // Test lambda expressions
|   using cxx11test::eval;
|   assert (eval ([](int x) { return x*2; }, 21) == 42);
|   double d = 2.0;
|   assert (eval ([&](double x) { return d += x; }, 3.0) == 5.0);
|   assert (d == 5.0);
|   assert (eval ([=](double x) mutable { return d += x; }, 4.0) == 9.0);
|   assert (d == 5.0);
| }
| {
|   // Test use of variadic templates
|   using cxx11test::sum;
|   auto a = sum(1);
|   auto b = sum(1, 2);
|   auto c = sum(1.0, 2.0, 3.0);
| }
| {
|   // Test constructor delegation
|   cxx11test::delegate d1;
|   cxx11test::delegate d2();
|   cxx11test::delegate d3(45);
| }
| {
|   // Test override and final
|   cxx11test::overridden o1(55464);
| }
| {
|   // Test nullptr
|   char *c = nullptr;
| }
| {
|   // Test template brackets
|   test_template<::test_template<int>> v(test_template<int>(12));
| }
| {
|   // Unicode literals
|   char const *utf8 = u8"UTF-8 string \u2500";
|   char16_t const *utf16 = u"UTF-8 string \u2500";
|   char32_t const *utf32 = U"UTF-32 string \u2500";
| }
| 
|   return ok;
| }
| 
configure:12365: g++ -std=gnu++11 -c -g -O2  conftest.cpp >&5
conftest.cpp:189:25: warning: empty parentheses interpreted as a function declaration [-Wvexing-parse]
  189 |   cxx11test::delegate d2();
      |                         ^~
conftest.cpp:189:25: note: remove parentheses to declare a variable
  189 |   cxx11test::delegate d2();
      |                         ^~
1 warning generated.
configure:12365: $? = 0
configure:12387: result: -std=gnu++11
configure:12455: checking dependency style of g++ -std=gnu++11
configure:12568: result: gcc3
configure:12708: checking for C++ compiler version
configure:12717: g++ -std=gnu++11 --version >&5
Apple clang version 16.0.0 (clang-1600.0.26.3)
Target: arm64-apple-darwin24.0.0
Thread model: posix
InstalledDir: /Library/Developer/CommandLineTools/usr/bin
configure:12728: $? = 0
configure:12717: g++ -std=gnu++11 -v >&5
Apple clang version 16.0.0 (clang-1600.0.26.3)
Target: arm64-apple-darwin24.0.0
Thread model: posix
InstalledDir: /Library/Developer/CommandLineTools/usr/bin
configure:12728: $? = 0
configure:12717: g++ -std=gnu++11 -V >&5
clang++: error: argument to '-V' is missing (expected 1 value)
clang++: error: no input files
configure:12728: $? = 1
configure:12717: g++ -std=gnu++11 -qversion >&5
clang++: error: unknown argument '-qversion'; did you mean '--version'?
clang++: error: no input files
configure:12728: $? = 1
configure:12732: checking whether the compiler supports GNU C++
configure:12764: result: yes
configure:12775: checking whether g++ -std=gnu++11 accepts -g
configure:12843: result: yes
configure:12863: checking for g++ -std=gnu++11 option to enable C++11 features
configure:12900: result: -std=gnu++11
configure:12968: checking dependency style of g++ -std=gnu++11 -std=gnu++11
configure:13081: result: gcc3
configure:13104: checking how to run the C++ preprocessor
configure:13126: g++ -std=gnu++11 -std=gnu++11 -E  conftest.cpp
configure:13126: $? = 0
configure:13142: g++ -std=gnu++11 -std=gnu++11 -E  conftest.cpp
conftest.cpp:23:10: fatal error: 'ac_nonexistent.h' file not found
   23 | #include <ac_nonexistent.h>
      |          ^~~~~~~~~~~~~~~~~~
1 error generated.
configure:13142: $? = 1
configure: failed program was:
| /* confdefs.h */
| #define PACKAGE_NAME "DRAGON"
| #define PACKAGE_TARNAME "dragon"
| #define PACKAGE_VERSION "3.1.0"
| #define PACKAGE_STRING "DRAGON 3.1.0"
| #define PACKAGE_BUGREPORT "luca.maccione@lmu.de"
| #define PACKAGE_URL ""
| #define PACKAGE "dragon"
| #define VERSION "3.1.0"
| #define HAVE_STDIO_H 1
| #define HAVE_STDLIB_H 1
| #define HAVE_STRING_H 1
| #define HAVE_INTTYPES_H 1
| #define HAVE_STDINT_H 1
| #define HAVE_STRINGS_H 1
| #define HAVE_SYS_STAT_H 1
| #define HAVE_SYS_TYPES_H 1
| #define HAVE_UNISTD_H 1
| #define STDC_HEADERS 1
| #define HAVE_DLFCN_H 1
| #define LT_OBJDIR ".libs/"
| /* end confdefs.h.  */
| #include <ac_nonexistent.h>
configure:13171: result: g++ -std=gnu++11 -std=gnu++11 -E
configure:13185: g++ -std=gnu++11 -std=gnu++11 -E  conftest.cpp
configure:13185: $? = 0
configure:13201: g++ -std=gnu++11 -std=gnu++11 -E  conftest.cpp
conftest.cpp:23:10: fatal error: 'ac_nonexistent.h' file not found
   23 | #include <ac_nonexistent.h>
      |          ^~~~~~~~~~~~~~~~~~
1 error generated.
configure:13201: $? = 1
configure: failed program was:
| /* confdefs.h */
| #define PACKAGE_NAME "DRAGON"
| #define PACKAGE_TARNAME "dragon"
| #define PACKAGE_VERSION "3.1.0"
| #define PACKAGE_STRING "DRAGON 3.1.0"
| #define PACKAGE_BUGREPORT "luca.maccione@lmu.de"
| #define PACKAGE_URL ""
| #define PACKAGE "dragon"
| #define VERSION "3.1.0"
| #define HAVE_STDIO_H 1
| #define HAVE_STDLIB_H 1
| #define HAVE_STRING_H 1
| #define HAVE_INTTYPES_H 1
| #define HAVE_STDINT_H 1
| #define HAVE_STRINGS_H 1
| #define HAVE_SYS_STAT_H 1
| #define HAVE_SYS_TYPES_H 1
| #define HAVE_UNISTD_H 1
| #define STDC_HEADERS 1
| #define HAVE_DLFCN_H 1
| #define LT_OBJDIR ".libs/"
| /* end confdefs.h.  */
| #include <ac_nonexistent.h>
configure:13375: checking for ld used by g++ -std=gnu++11 -std=gnu++11
configure:13444: result: /Library/Developer/CommandLineTools/usr/bin/ld
configure:13451: checking if the linker (/Library/Developer/CommandLineTools/usr/bin/ld) is GNU ld
configure:13468: result: no
configure:13523: checking whether the g++ -std=gnu++11 -std=gnu++11 linker (/Library/Developer/CommandLineTools/usr/bin/ld) supports shared libraries
configure:14438: result: yes
configure:14466: g++ -std=gnu++11 -std=gnu++11 -c -g -O2  conftest.cpp >&5
configure:14469: $? = 0
configure:14651: checking for g++ -std=gnu++11 -std=gnu++11 option to produce PIC
configure:14968: result: -fno-common -DPIC
configure:14977: checking if g++ -std=gnu++11 -std=gnu++11 PIC flag -fno-common -DPIC works
configure:14996: g++ -std=gnu++11 -std=gnu++11 -c -g -O2  -fno-common -DPIC -DPIC conftest.cpp >&5
configure:15000: $? = 0
configure:15014: result: yes
configure:15035: checking if g++ -std=gnu++11 -std=gnu++11 static flag -static works
configure:15065: result: no
configure:15077: checking if g++ -std=gnu++11 -std=gnu++11 supports -c -o file.o
configure:15099: g++ -std=gnu++11 -std=gnu++11 -c -g -O2  -o out/conftest2.o conftest.cpp >&5
configure:15103: $? = 0
configure:15126: result: yes
configure:15131: checking if g++ -std=gnu++11 -std=gnu++11 supports -c -o file.o
configure:15180: result: yes
configure:15210: checking whether the g++ -std=gnu++11 -std=gnu++11 linker (/Library/Developer/CommandLineTools/usr/bin/ld) supports shared libraries
configure:15236: result: yes
configure:15373: checking dynamic linker characteristics
configure:15977: result: darwin24.0.0 dyld
configure:16028: checking how to hardcode library paths into programs
configure:16053: result: immediate
configure:16216: checking for C compiler version
configure:16225: gcc --version >&5
Apple clang version 16.0.0 (clang-1600.0.26.3)
Target: arm64-apple-darwin24.0.0
Thread model: posix
InstalledDir: /Library/Developer/CommandLineTools/usr/bin
configure:16236: $? = 0
configure:16225: gcc -v >&5
Apple clang version 16.0.0 (clang-1600.0.26.3)
Target: arm64-apple-darwin24.0.0
Thread model: posix
InstalledDir: /Library/Developer/CommandLineTools/usr/bin
configure:16236: $? = 0
configure:16225: gcc -V >&5
clang: error: argument to '-V' is missing (expected 1 value)
clang: error: no input files
configure:16236: $? = 1
configure:16225: gcc -qversion >&5
clang: error: unknown argument '-qversion'; did you mean '--version'?
clang: error: no input files
configure:16236: $? = 1
configure:16225: gcc -version >&5
clang: error: unknown argument '-version'; did you mean '--version'?
clang: error: no input files
configure:16236: $? = 1
configure:16240: checking whether the compiler supports GNU C
configure:16272: result: yes
configure:16283: checking whether gcc accepts -g
configure:16351: result: yes
configure:16371: checking for gcc option to enable C11 features
configure:16405: result: none needed
configure:16529: checking whether gcc understands -c and -o together
configure:16568: result: yes
configure:16587: checking dependency style of gcc
configure:16700: result: gcc3
configure:16774: checking for ifort
configure:16810: result: no
configure:16774: checking for gfortran
configure:16795: found /opt/homebrew/bin/gfortran
configure:16807: result: gfortran
configure:16833: checking for Fortran 77 compiler version
configure:16842: gfortran --version >&5
GNU Fortran (Homebrew GCC 14.2.0) 14.2.0
Copyright (C) 2024 Free Software Foundation, Inc.
This is free software; see the source for copying conditions.  There is NO
warranty; not even for MERCHANTABILITY or FITNESS FOR A PARTICULAR PURPOSE.

configure:16853: $? = 0
configure:16842: gfortran -v >&5
Using built-in specs.
COLLECT_GCC=gfortran
COLLECT_LTO_WRAPPER=/opt/homebrew/Cellar/gcc/14.2.0/bin/../libexec/gcc/aarch64-apple-darwin24/14/lto-wrapper
Target: aarch64-apple-darwin24
Configured with: ../configure --prefix=/opt/homebrew/opt/gcc --libdir=/opt/homebrew/opt/gcc/lib/gcc/current --disable-nls --enable-checking=release --with-gcc-major-version-only --enable-languages=c,c++,objc,obj-c++,fortran,m2 --program-suffix=-14 --with-gmp=/opt/homebrew/opt/gmp --with-mpfr=/opt/homebrew/opt/mpfr --with-mpc=/opt/homebrew/opt/libmpc --with-isl=/opt/homebrew/opt/isl --with-zstd=/opt/homebrew/opt/zstd --with-pkgversion='Homebrew GCC 14.2.0' --with-bugurl=https://github.com/Homebrew/homebrew-core/issues --with-system-zlib --build=aarch64-apple-darwin24 --with-sysroot=/Library/Developer/CommandLineTools/SDKs/MacOSX15.sdk
Thread model: posix
Supported LTO compression algorithms: zlib zstd
gcc version 14.2.0 (Homebrew GCC 14.2.0) 
configure:16853: $? = 0
configure:16842: gfortran -V >&5
gfortran: error: unrecognized command-line option '-V'
gfortran: fatal error: no input files
compilation terminated.
configure:16853: $? = 1
configure:16842: gfortran -qversion >&5
gfortran: error: unrecognized command-line option '-qversion'; did you mean '--version'?
gfortran: fatal error: no input files
compilation terminated.
configure:16853: $? = 1
configure:16862: checking whether the compiler supports GNU Fortran 77
configure:16876: gfortran -c  conftest.F >&5
configure:16876: $? = 0
configure:16888: result: yes
configure:16896: checking whether gfortran accepts -g
configure:16908: gfortran -c -g conftest.f >&5
configure:16908: $? = 0
configure:16919: result: yes
configure:17067: checking for Fortran 77 compiler version
configure:17076: gfortran --version >&5
GNU Fortran (Homebrew GCC 14.2.0) 14.2.0
Copyright (C) 2024 Free Software Foundation, Inc.
This is free software; see the source for copying conditions.  There is NO
warranty; not even for MERCHANTABILITY or FITNESS FOR A PARTICULAR PURPOSE.

configure:17087: $? = 0
configure:17076: gfortran -v >&5
Using built-in specs.
COLLECT_GCC=gfortran
COLLECT_LTO_WRAPPER=/opt/homebrew/Cellar/gcc/14.2.0/bin/../libexec/gcc/aarch64-apple-darwin24/14/lto-wrapper
Target: aarch64-apple-darwin24
Configured with: ../configure --prefix=/opt/homebrew/opt/gcc --libdir=/opt/homebrew/opt/gcc/lib/gcc/current --disable-nls --enable-checking=release --with-gcc-major-version-only --enable-languages=c,c++,objc,obj-c++,fortran,m2 --program-suffix=-14 --with-gmp=/opt/homebrew/opt/gmp --with-mpfr=/opt/homebrew/opt/mpfr --with-mpc=/opt/homebrew/opt/libmpc --with-isl=/opt/homebrew/opt/isl --with-zstd=/opt/homebrew/opt/zstd --with-pkgversion='Homebrew GCC 14.2.0' --with-bugurl=https://github.com/Homebrew/homebrew-core/issues --with-system-zlib --build=aarch64-apple-darwin24 --with-sysroot=/Library/Developer/CommandLineTools/SDKs/MacOSX15.sdk
Thread model: posix
Supported LTO compression algorithms: zlib zstd
gcc version 14.2.0 (Homebrew GCC 14.2.0) 
configure:17087: $? = 0
configure:17076: gfortran -V >&5
gfortran: error: unrecognized command-line option '-V'
gfortran: fatal error: no input files
compilation terminated.
configure:17087: $? = 1
configure:17076: gfortran -qversion >&5
gfortran: error: unrecognized command-line option '-qversion'; did you mean '--version'?
gfortran: fatal error: no input files
compilation terminated.
configure:17087: $? = 1
configure:17096: checking whether the compiler supports GNU Fortran 77
configure:17122: result: yes
configure:17130: checking whether gfortran accepts -g
configure:17153: result: yes
configure:17289: checking if libtool supports shared libraries
configure:17291: result: yes
configure:17294: checking whether to build shared libraries
configure:17314: result: yes
configure:17317: checking whether to build static libraries
configure:17321: result: yes
configure:17335: checking for gfortran option to produce PIC
configure:17607: result: -fno-common
configure:17616: checking if gfortran PIC flag -fno-common works
configure:17635: gfortran -c -g -O2 -fno-common conftest.f >&5
configure:17639: $? = 0
configure:17653: result: yes
configure:17674: checking if gfortran static flag -static works
configure:17704: result: no
configure:17716: checking if gfortran supports -c -o file.o
configure:17738: gfortran -c -g -O2 -o out/conftest2.o conftest.f >&5
configure:17742: $? = 0
configure:17765: result: yes
configure:17770: checking if gfortran supports -c -o file.o
configure:17819: result: yes
configure:17849: checking whether the gfortran linker (/Library/Developer/CommandLineTools/usr/bin/ld) supports shared libraries
configure:18825: result: yes
configure:18962: checking dynamic linker characteristics
configure:19560: result: darwin24.0.0 dyld
configure:19611: checking how to hardcode library paths into programs
configure:19636: result: immediate
configure:19673: checking for gcc options needed to detect all undeclared functions
configure:19695: g++ -std=gnu++11 -std=gnu++11 -c -g -O2  conftest.cpp >&5
conftest.cpp:27:8: error: use of undeclared identifier 'strchr'
   27 | (void) strchr;
      |        ^
1 error generated.
configure:19695: $? = 1
configure: failed program was:
| /* confdefs.h */
| #define PACKAGE_NAME "DRAGON"
| #define PACKAGE_TARNAME "dragon"
| #define PACKAGE_VERSION "3.1.0"
| #define PACKAGE_STRING "DRAGON 3.1.0"
| #define PACKAGE_BUGREPORT "luca.maccione@lmu.de"
| #define PACKAGE_URL ""
| #define PACKAGE "dragon"
| #define VERSION "3.1.0"
| #define HAVE_STDIO_H 1
| #define HAVE_STDLIB_H 1
| #define HAVE_STRING_H 1
| #define HAVE_INTTYPES_H 1
| #define HAVE_STDINT_H 1
| #define HAVE_STRINGS_H 1
| #define HAVE_SYS_STAT_H 1
| #define HAVE_SYS_TYPES_H 1
| #define HAVE_UNISTD_H 1
| #define STDC_HEADERS 1
| #define HAVE_DLFCN_H 1
| #define LT_OBJDIR ".libs/"
| /* end confdefs.h.  */
| 
| int
| main (void)
| {
| (void) strchr;
|   ;
|   return 0;
| }
configure:19722: g++ -std=gnu++11 -std=gnu++11 -c -g -O2  conftest.cpp >&5
configure:19722: $? = 0
configure:19742: result: none needed
configure:19769: checking for library containing dlopen
configure:19805: gcc -o conftest -g -O2   conftest.c  >&5
configure:19805: $? = 0
configure:19827: result: none required
configure:19927: checking for dlerror
configure:19927: gcc -o conftest -g -O2   conftest.c   >&5
configure:19927: $? = 0
configure:19927: result: yes
configure:19939: checking for shl_load
configure:19939: gcc -o conftest -g -O2   conftest.c  >&5
Undefined symbols for architecture arm64:
  "_shl_load", referenced from:
      _main in conftest-a61979.o
ld: symbol(s) not found for architecture arm64
clang: error: linker command failed with exit code 1 (use -v to see invocation)
configure:19939: $? = 1
configure: failed program was:
| /* confdefs.h */
| #define PACKAGE_NAME "DRAGON"
| #define PACKAGE_TARNAME "dragon"
| #define PACKAGE_VERSION "3.1.0"
| #define PACKAGE_STRING "DRAGON 3.1.0"
| #define PACKAGE_BUGREPORT "luca.maccione@lmu.de"
| #define PACKAGE_URL ""
| #define PACKAGE "dragon"
| #define VERSION "3.1.0"
| #define HAVE_STDIO_H 1
| #define HAVE_STDLIB_H 1
| #define HAVE_STRING_H 1
| #define HAVE_INTTYPES_H 1
| #define HAVE_STDINT_H 1
| #define HAVE_STRINGS_H 1
| #define HAVE_SYS_STAT_H 1
| #define HAVE_SYS_TYPES_H 1
| #define HAVE_UNISTD_H 1
| #define STDC_HEADERS 1
| #define HAVE_DLFCN_H 1
| #define LT_OBJDIR ".libs/"
| #define HAVE_LIBDL 1
| #define HAVE_DLERROR 1
| /* end confdefs.h.  */
| /* Define shl_load to an innocuous variant, in case <limits.h> declares shl_load.
|    For example, HP-UX 11i <limits.h> declares gettimeofday.  */
| #define shl_load innocuous_shl_load
| 
| /* System header to define __stub macros and hopefully few prototypes,
|    which can conflict with char shl_load (void); below.  */
| 
| #include <limits.h>
| #undef shl_load
| 
| /* Override any GCC internal prototype to avoid an error.
|    Use char because int might match the return type of a GCC
|    builtin and then its argument prototype would still apply.  */
| #ifdef __cplusplus
| extern "C"
| #endif
| char shl_load (void);
| /* The GNU C library defines this for functions which it implements
|     to always fail with ENOSYS.  Some functions are actually named
|     something starting with __ and the normal name is an alias.  */
| #if defined __stub_shl_load || defined __stub___shl_load
| choke me
| #endif
| 
| int
| main (void)
| {
| return shl_load ();
|   ;
|   return 0;
| }
configure:19939: result: no
configure:19947: checking for shl_load in -ldld
configure:19976: gcc -o conftest -g -O2   conftest.c -ldld   >&5
ld: library 'dld' not found
clang: error: linker command failed with exit code 1 (use -v to see invocation)
configure:19976: $? = 1
configure: failed program was:
| /* confdefs.h */
| #define PACKAGE_NAME "DRAGON"
| #define PACKAGE_TARNAME "dragon"
| #define PACKAGE_VERSION "3.1.0"
| #define PACKAGE_STRING "DRAGON 3.1.0"
| #define PACKAGE_BUGREPORT "luca.maccione@lmu.de"
| #define PACKAGE_URL ""
| #define PACKAGE "dragon"
| #define VERSION "3.1.0"
| #define HAVE_STDIO_H 1
| #define HAVE_STDLIB_H 1
| #define HAVE_STRING_H 1
| #define HAVE_INTTYPES_H 1
| #define HAVE_STDINT_H 1
| #define HAVE_STRINGS_H 1
| #define HAVE_SYS_STAT_H 1
| #define HAVE_SYS_TYPES_H 1
| #define HAVE_UNISTD_H 1
| #define STDC_HEADERS 1
| #define HAVE_DLFCN_H 1
| #define LT_OBJDIR ".libs/"
| #define HAVE_LIBDL 1
| #define HAVE_DLERROR 1
| /* end confdefs.h.  */
| 
| /* Override any GCC internal prototype to avoid an error.
|    Use char because int might match the return type of a GCC
|    builtin and then its argument prototype would still apply.
|    The 'extern "C"' is for builds by C++ compilers;
|    although this is not generally supported in C code supporting it here
|    has little cost and some practical benefit (sr 110532).  */
| #ifdef __cplusplus
| extern "C"
| #endif
| char shl_load (void);
| int
| main (void)
| {
| return shl_load ();
|   ;
|   return 0;
| }
configure:19988: result: no
configure:20036: checking for dld_link in -ldld
configure:20065: gcc -o conftest -g -O2   conftest.c -ldld   >&5
ld: library 'dld' not found
clang: error: linker command failed with exit code 1 (use -v to see invocation)
configure:20065: $? = 1
configure: failed program was:
| /* confdefs.h */
| #define PACKAGE_NAME "DRAGON"
| #define PACKAGE_TARNAME "dragon"
| #define PACKAGE_VERSION "3.1.0"
| #define PACKAGE_STRING "DRAGON 3.1.0"
| #define PACKAGE_BUGREPORT "luca.maccione@lmu.de"
| #define PACKAGE_URL ""
| #define PACKAGE "dragon"
| #define VERSION "3.1.0"
| #define HAVE_STDIO_H 1
| #define HAVE_STDLIB_H 1
| #define HAVE_STRING_H 1
| #define HAVE_INTTYPES_H 1
| #define HAVE_STDINT_H 1
| #define HAVE_STRINGS_H 1
| #define HAVE_SYS_STAT_H 1
| #define HAVE_SYS_TYPES_H 1
| #define HAVE_UNISTD_H 1
| #define STDC_HEADERS 1
| #define HAVE_DLFCN_H 1
| #define LT_OBJDIR ".libs/"
| #define HAVE_LIBDL 1
| #define HAVE_DLERROR 1
| /* end confdefs.h.  */
| 
| /* Override any GCC internal prototype to avoid an error.
|    Use char because int might match the return type of a GCC
|    builtin and then its argument prototype would still apply.
|    The 'extern "C"' is for builds by C++ compilers;
|    although this is not generally supported in C code supporting it here
|    has little cost and some practical benefit (sr 110532).  */
| #ifdef __cplusplus
| extern "C"
| #endif
| char dld_link (void);
| int
| main (void)
| {
| return dld_link ();
|   ;
|   return 0;
| }
configure:20077: result: no
configure:20121: result: yes
configure:20137: result: yes
configure:20162: checking how to get verbose linking output from gfortran
configure:20173: gfortran -c -g -O2 conftest.f >&5
configure:20173: $? = 0
configure:20192: gfortran -o conftest -g -O2 -v conftest.f
Using built-in specs.
Target: aarch64-apple-darwin24
Thread model: posix
Supported LTO compression algorithms: zlib zstd
gcc version 14.2.0 (Homebrew GCC 14.2.0) 
 /opt/homebrew/Cellar/gcc/14.2.0/bin/../libexec/gcc/aarch64-apple-darwin24/14/f951 conftest.f -ffixed-form -fPIC -quiet -dumpbase conftest.f -dumpbase-ext .f -mmacosx-version-min=15.0.0 -mcpu=apple-m1 -mlittle-endian -mabi=lp64 -g -O2 -version -fintrinsic-modules-path /opt/homebrew/Cellar/gcc/14.2.0/bin/../lib/gcc/current/gcc/aarch64-apple-darwin24/14/finclude -o /var/folders/c4/n6fd71156zd5dtzgw0yf438m0000gn/T//ccIlcryl.s
GNU Fortran (Homebrew GCC 14.2.0) version 14.2.0 (aarch64-apple-darwin24)
	compiled by GNU C version 14.2.0, GMP version 6.3.0, MPFR version 4.2.1, MPC version 1.3.1, isl version isl-0.27-GMP

GGC heuristics: --param ggc-min-expand=100 --param ggc-min-heapsize=131072
 as -arch arm64 -v -mmacosx-version-min=15.0 -o /var/folders/c4/n6fd71156zd5dtzgw0yf438m0000gn/T//cci4qD07.o /var/folders/c4/n6fd71156zd5dtzgw0yf438m0000gn/T//ccIlcryl.s
Apple clang version 16.0.0 (clang-1600.0.26.3)
Target: arm64-apple-darwin24.0.0
Thread model: posix
InstalledDir: /Library/Developer/CommandLineTools/usr/bin
 "/Library/Developer/CommandLineTools/usr/bin/clang" -cc1as -triple arm64-apple-macosx15.0.0 -target-sdk-version=15.0 -filetype obj -main-file-name ccIlcryl.s -target-cpu apple-m1 -target-feature +v8.5a -target-feature +aes -target-feature +crc -target-feature +dotprod -target-feature +fp-armv8 -target-feature +fp16fml -target-feature +lse -target-feature +ras -target-feature +rcpc -target-feature +rdm -target-feature +sha2 -target-feature +sha3 -target-feature +neon -target-feature +zcm -target-feature +zcz -target-feature +fullfp16 -fdebug-compilation-dir=/Users/xiongzheng/Library/CloudStorage/OneDrive-Personal/Documents/GitHub/DRAGON -dwarf-debug-producer "Apple clang version 16.0.0 (clang-1600.0.26.3)" -dwarf-version=5 -mrelocation-model pic -o /var/folders/c4/n6fd71156zd5dtzgw0yf438m0000gn/T//cci4qD07.o /var/folders/c4/n6fd71156zd5dtzgw0yf438m0000gn/T//ccIlcryl.s
Reading specs from /opt/homebrew/Cellar/gcc/14.2.0/bin/../lib/gcc/current/gcc/aarch64-apple-darwin24/14/../../../libgfortran.spec
rename spec lib to liborig
 /opt/homebrew/Cellar/gcc/14.2.0/bin/../libexec/gcc/aarch64-apple-darwin24/14/collect2 -demangle -syslibroot /Library/Developer/CommandLineTools/SDKs/MacOSX15.sdk/ -dynamic -arch arm64 -platform_version macos 15.0.0 0.0 -o conftest -L/opt/homebrew/Cellar/gcc/14.2.0/bin/../lib/gcc/current/gcc/aarch64-apple-darwin24/14 -L/opt/homebrew/Cellar/gcc/14.2.0/bin/../lib/gcc/current/gcc -L/opt/homebrew/Cellar/gcc/14.2.0/bin/../lib/gcc/current/gcc/aarch64-apple-darwin24/14/../../.. -lemutls_w -lheapt_w /var/folders/c4/n6fd71156zd5dtzgw0yf438m0000gn/T//cci4qD07.o -lgfortran -lgcc -lquadmath -lSystem -no_compact_unwind -rpath @loader_path -rpath /opt/homebrew/Cellar/gcc/14.2.0/lib/gcc/current/gcc/aarch64-apple-darwin24/14 -rpath /opt/homebrew/Cellar/gcc/14.2.0/lib/gcc/current/gcc -rpath /opt/homebrew/Cellar/gcc/14.2.0/lib/gcc/current -idsym -dsym
configure:20277: result: -v
configure:20279: checking for Fortran 77 libraries of gfortran
configure:20303: gfortran -o conftest -g -O2 -v conftest.f
Using built-in specs.
Target: aarch64-apple-darwin24
Thread model: posix
Supported LTO compression algorithms: zlib zstd
gcc version 14.2.0 (Homebrew GCC 14.2.0) 
 /opt/homebrew/Cellar/gcc/14.2.0/bin/../libexec/gcc/aarch64-apple-darwin24/14/f951 conftest.f -ffixed-form -fPIC -quiet -dumpbase conftest.f -dumpbase-ext .f -mmacosx-version-min=15.0.0 -mcpu=apple-m1 -mlittle-endian -mabi=lp64 -g -O2 -version -fintrinsic-modules-path /opt/homebrew/Cellar/gcc/14.2.0/bin/../lib/gcc/current/gcc/aarch64-apple-darwin24/14/finclude -o /var/folders/c4/n6fd71156zd5dtzgw0yf438m0000gn/T//ccwRIP1Y.s
GNU Fortran (Homebrew GCC 14.2.0) version 14.2.0 (aarch64-apple-darwin24)
	compiled by GNU C version 14.2.0, GMP version 6.3.0, MPFR version 4.2.1, MPC version 1.3.1, isl version isl-0.27-GMP

GGC heuristics: --param ggc-min-expand=100 --param ggc-min-heapsize=131072
 as -arch arm64 -v -mmacosx-version-min=15.0 -o /var/folders/c4/n6fd71156zd5dtzgw0yf438m0000gn/T//cc0JUVRN.o /var/folders/c4/n6fd71156zd5dtzgw0yf438m0000gn/T//ccwRIP1Y.s
Apple clang version 16.0.0 (clang-1600.0.26.3)
Target: arm64-apple-darwin24.0.0
Thread model: posix
InstalledDir: /Library/Developer/CommandLineTools/usr/bin
 "/Library/Developer/CommandLineTools/usr/bin/clang" -cc1as -triple arm64-apple-macosx15.0.0 -target-sdk-version=15.0 -filetype obj -main-file-name ccwRIP1Y.s -target-cpu apple-m1 -target-feature +v8.5a -target-feature +aes -target-feature +crc -target-feature +dotprod -target-feature +fp-armv8 -target-feature +fp16fml -target-feature +lse -target-feature +ras -target-feature +rcpc -target-feature +rdm -target-feature +sha2 -target-feature +sha3 -target-feature +neon -target-feature +zcm -target-feature +zcz -target-feature +fullfp16 -fdebug-compilation-dir=/Users/xiongzheng/Library/CloudStorage/OneDrive-Personal/Documents/GitHub/DRAGON -dwarf-debug-producer "Apple clang version 16.0.0 (clang-1600.0.26.3)" -dwarf-version=5 -mrelocation-model pic -o /var/folders/c4/n6fd71156zd5dtzgw0yf438m0000gn/T//cc0JUVRN.o /var/folders/c4/n6fd71156zd5dtzgw0yf438m0000gn/T//ccwRIP1Y.s
Reading specs from /opt/homebrew/Cellar/gcc/14.2.0/bin/../lib/gcc/current/gcc/aarch64-apple-darwin24/14/../../../libgfortran.spec
rename spec lib to liborig
 /opt/homebrew/Cellar/gcc/14.2.0/bin/../libexec/gcc/aarch64-apple-darwin24/14/collect2 -demangle -syslibroot /Library/Developer/CommandLineTools/SDKs/MacOSX15.sdk/ -dynamic -arch arm64 -platform_version macos 15.0.0 0.0 -o conftest -L/opt/homebrew/Cellar/gcc/14.2.0/bin/../lib/gcc/current/gcc/aarch64-apple-darwin24/14 -L/opt/homebrew/Cellar/gcc/14.2.0/bin/../lib/gcc/current/gcc -L/opt/homebrew/Cellar/gcc/14.2.0/bin/../lib/gcc/current/gcc/aarch64-apple-darwin24/14/../../.. -lemutls_w -lheapt_w /var/folders/c4/n6fd71156zd5dtzgw0yf438m0000gn/T//cc0JUVRN.o -lgfortran -lgcc -lquadmath -lSystem -no_compact_unwind -rpath @loader_path -rpath /opt/homebrew/Cellar/gcc/14.2.0/lib/gcc/current/gcc/aarch64-apple-darwin24/14 -rpath /opt/homebrew/Cellar/gcc/14.2.0/lib/gcc/current/gcc -rpath /opt/homebrew/Cellar/gcc/14.2.0/lib/gcc/current -idsym -dsym
configure:20525: result:  -L/opt/homebrew/Cellar/gcc/14.2.0/bin/../lib/gcc/current/gcc/aarch64-apple-darwin24/14 -L/opt/homebrew/Cellar/gcc/14.2.0/bin/../lib/gcc/current/gcc -L/opt/homebrew/Cellar/gcc/14.2.0/bin/../lib/gcc/current/gcc/aarch64-apple-darwin24/14/../../.. -lemutls_w -lheapt_w -lgfortran -lquadmath
configure:20538: checking for string
configure:20538: g++ -std=gnu++11 -std=gnu++11 -c -g -O2 -O3  conftest.cpp >&5
configure:20538: $? = 0
configure:20538: result: yes
configure:20559: checking for gsl-config
configure:20584: found /opt/homebrew/bin/gsl-config
configure:20598: result: /opt/homebrew/bin/gsl-config
configure:20618: checking for gsl/gsl_vector.h
configure:20618: g++ -std=gnu++11 -std=gnu++11 -c -g -O2 -O3  -DTIXML_USE_STL -I/opt/homebrew/Cellar/gsl/2.8/include conftest.cpp >&5
configure:20618: $? = 0
configure:20618: result: yes
configure:20624: result: check for gsl include files... yes
configure:20618: checking for gsl/gsl_linalg.h
configure:20618: g++ -std=gnu++11 -std=gnu++11 -c -g -O2 -O3  -DTIXML_USE_STL -I/opt/homebrew/Cellar/gsl/2.8/include conftest.cpp >&5
configure:20618: $? = 0
configure:20618: result: yes
configure:20624: result: check for gsl include files... yes
configure:20618: checking for gsl/gsl_errno.h
configure:20618: g++ -std=gnu++11 -std=gnu++11 -c -g -O2 -O3  -DTIXML_USE_STL -I/opt/homebrew/Cellar/gsl/2.8/include conftest.cpp >&5
configure:20618: $? = 0
configure:20618: result: yes
configure:20624: result: check for gsl include files... yes
configure:20618: checking for gsl/gsl_spline.h
configure:20618: g++ -std=gnu++11 -std=gnu++11 -c -g -O2 -O3  -DTIXML_USE_STL -I/opt/homebrew/Cellar/gsl/2.8/include conftest.cpp >&5
configure:20618: $? = 0
configure:20618: result: yes
configure:20624: result: check for gsl include files... yes
configure:20760: error: CFITSIO path not provided. See ./configure --help to see how to set a path properly.

## ---------------- ##
## Cache variables. ##
## ---------------- ##

ac_cv_build=aarch64-apple-darwin24.0.0
ac_cv_c_compiler_gnu=yes
ac_cv_c_undeclared_builtin_options='none needed'
ac_cv_cxx_compiler_gnu=yes
ac_cv_env_CCC_set=
ac_cv_env_CCC_value=
ac_cv_env_CC_set=
ac_cv_env_CC_value=
ac_cv_env_CFLAGS_set=
ac_cv_env_CFLAGS_value=
ac_cv_env_CPPFLAGS_set=
ac_cv_env_CPPFLAGS_value=
ac_cv_env_CXXCPP_set=
ac_cv_env_CXXCPP_value=
ac_cv_env_CXXFLAGS_set=
ac_cv_env_CXXFLAGS_value=
ac_cv_env_CXX_set=
ac_cv_env_CXX_value=
ac_cv_env_F77_set=
ac_cv_env_F77_value=
ac_cv_env_FFLAGS_set=
ac_cv_env_FFLAGS_value=
ac_cv_env_LDFLAGS_set=
ac_cv_env_LDFLAGS_value=
ac_cv_env_LIBS_set=
ac_cv_env_LIBS_value=
ac_cv_env_build_alias_set=
ac_cv_env_build_alias_value=
ac_cv_env_host_alias_set=
ac_cv_env_host_alias_value=
ac_cv_env_target_alias_set=
ac_cv_env_target_alias_value=
ac_cv_f77_compiler_gnu=yes
ac_cv_f77_libs=' -L/opt/homebrew/Cellar/gcc/14.2.0/bin/../lib/gcc/current/gcc/aarch64-apple-darwin24/14 -L/opt/homebrew/Cellar/gcc/14.2.0/bin/../lib/gcc/current/gcc -L/opt/homebrew/Cellar/gcc/14.2.0/bin/../lib/gcc/current/gcc/aarch64-apple-darwin24/14/../../.. -lemutls_w -lheapt_w -lgfortran -lquadmath'
ac_cv_func_dlerror=yes
ac_cv_func_shl_load=no
ac_cv_header_dlfcn_h=yes
ac_cv_header_gsl_gsl_errno_h=yes
ac_cv_header_gsl_gsl_linalg_h=yes
ac_cv_header_gsl_gsl_spline_h=yes
ac_cv_header_gsl_gsl_vector_h=yes
ac_cv_header_inttypes_h=yes
ac_cv_header_stdint_h=yes
ac_cv_header_stdio_h=yes
ac_cv_header_stdlib_h=yes
ac_cv_header_string=yes
ac_cv_header_string_h=yes
ac_cv_header_strings_h=yes
ac_cv_header_sys_stat_h=yes
ac_cv_header_sys_types_h=yes
ac_cv_header_unistd_h=yes
ac_cv_host=aarch64-apple-darwin24.0.0
ac_cv_lib_dld_dld_link=no
ac_cv_lib_dld_shl_load=no
ac_cv_objext=o
ac_cv_path_EGREP='/usr/bin/grep -E'
ac_cv_path_EGREP_TRADITIONAL='/usr/bin/grep -E'
ac_cv_path_FGREP='/usr/bin/grep -F'
ac_cv_path_GREP=/usr/bin/grep
ac_cv_path_GSL_CONFIG=/opt/homebrew/bin/gsl-config
ac_cv_path_SED=/usr/bin/sed
ac_cv_path_install='/usr/bin/install -c'
ac_cv_prog_AWK=awk
ac_cv_prog_CXXCPP='g++ -std=gnu++11 -std=gnu++11 -E'
ac_cv_prog_ac_ct_AR=ar
ac_cv_prog_ac_ct_CC=gcc
ac_cv_prog_ac_ct_CXX=g++
ac_cv_prog_ac_ct_DSYMUTIL=dsymutil
ac_cv_prog_ac_ct_F77=gfortran
ac_cv_prog_ac_ct_LIPO=lipo
ac_cv_prog_ac_ct_NMEDIT=nmedit
ac_cv_prog_ac_ct_OBJDUMP=objdump
ac_cv_prog_ac_ct_OTOOL=otool
ac_cv_prog_ac_ct_RANLIB=ranlib
ac_cv_prog_ac_ct_STRIP=strip
ac_cv_prog_cc_c11=
ac_cv_prog_cc_g=yes
ac_cv_prog_cc_stdc=
ac_cv_prog_cxx_cxx11=-std=gnu++11
ac_cv_prog_cxx_g=yes
ac_cv_prog_cxx_stdcxx=-std=gnu++11
ac_cv_prog_f77_g=yes
ac_cv_prog_f77_v=-v
ac_cv_prog_make_make_set=yes
ac_cv_search_dlopen='none required'
am_cv_CC_dependencies_compiler_type=gcc3
am_cv_CXX_dependencies_compiler_type=gcc3
am_cv_filesystem_timestamp_resolution=2
am_cv_make_support_nested_variables=yes
am_cv_prog_cc_c_o=yes
am_cv_sleep_fractional_seconds=yes
am_cv_xargs_n_works=yes
libltdl_cv_lib_dl_dlopen=yes
lt_cv_apple_cc_single_mod=no
lt_cv_deplibs_check_method=pass_all
lt_cv_file_magic_cmd='$MAGIC_CMD'
lt_cv_file_magic_test_file=
lt_cv_ld_exported_symbols_list=yes
lt_cv_ld_reload_flag=-r
lt_cv_nm_interface='BSD nm'
lt_cv_objdir=.libs
lt_cv_path_LD=/Library/Developer/CommandLineTools/usr/bin/ld
lt_cv_path_LDCXX=/Library/Developer/CommandLineTools/usr/bin/ld
lt_cv_path_NM='/usr/bin/nm -B'
lt_cv_prog_compiler_c_o=yes
lt_cv_prog_compiler_c_o_CXX=yes
lt_cv_prog_compiler_c_o_F77=yes
lt_cv_prog_compiler_pic_works=yes
lt_cv_prog_compiler_pic_works_CXX=yes
lt_cv_prog_compiler_pic_works_F77=yes
lt_cv_prog_compiler_rtti_exceptions=yes
lt_cv_prog_compiler_static_works=no
lt_cv_prog_compiler_static_works_CXX=no
lt_cv_prog_compiler_static_works_F77=no
lt_cv_prog_gnu_ld=no
lt_cv_prog_gnu_ldcxx=no
lt_cv_sys_global_symbol_pipe='sed -n -e '\''s/^.*[	 ]\([ABCDGIRSTW][ABCDGIRSTW]*\)[	 ][	 ]*_\([_A-Za-z][_A-Za-z0-9]*\)$/\1 _\2 \2/p'\'''
lt_cv_sys_global_symbol_to_c_name_address='sed -n -e '\''s/^: \([^ ]*\) $/  {\"\1\", (void *) 0},/p'\'' -e '\''s/^[ABCDGIRSTW]* \([^ ]*\) \([^ ]*\)$/  {"\2", (void *) \&\2},/p'\'''
lt_cv_sys_global_symbol_to_c_name_address_lib_prefix='sed -n -e '\''s/^: \([^ ]*\) $/  {\"\1\", (void *) 0},/p'\'' -e '\''s/^[ABCDGIRSTW]* \([^ ]*\) \(lib[^ ]*\)$/  {"\2", (void *) \&\2},/p'\'' -e '\''s/^[ABCDGIRSTW]* \([^ ]*\) \([^ ]*\)$/  {"lib\2", (void *) \&\2},/p'\'''
lt_cv_sys_global_symbol_to_cdecl='sed -n -e '\''s/^T .* \(.*\)$/extern int \1();/p'\'' -e '\''s/^[ABCDGIRSTW]* .* \(.*\)$/extern char \1;/p'\'''
lt_cv_sys_max_cmd_len=786432

## ----------------- ##
## Output variables. ##
## ----------------- ##

ACLOCAL='${SHELL} '\''/Users/xiongzheng/Library/CloudStorage/OneDrive-Personal/Documents/GitHub/DRAGON/missing'\'' aclocal-1.17'
AMDEPBACKSLASH='\'
AMDEP_FALSE='#'
AMDEP_TRUE=''
AMTAR='$${TAR-tar}'
AM_BACKSLASH='\'
AM_DEFAULT_V=''
AM_DEFAULT_VERBOSITY='1'
AM_V=''
AR='ar'
AUTOCONF='${SHELL} '\''/Users/xiongzheng/Library/CloudStorage/OneDrive-Personal/Documents/GitHub/DRAGON/missing'\'' autoconf'
AUTOHEADER='${SHELL} '\''/Users/xiongzheng/Library/CloudStorage/OneDrive-Personal/Documents/GitHub/DRAGON/missing'\'' autoheader'
AUTOMAKE='${SHELL} '\''/Users/xiongzheng/Library/CloudStorage/OneDrive-Personal/Documents/GitHub/DRAGON/missing'\'' automake-1.17'
AWK='awk'
CC='gcc'
CCDEPMODE='depmode=gcc3'
CFLAGS='-g -O2'
CPPFLAGS=' -DTIXML_USE_STL -I/opt/homebrew/Cellar/gsl/2.8/include'
CSCOPE='cscope'
CTAGS='ctags'
CXX='g++ -std=gnu++11 -std=gnu++11'
CXXCPP='g++ -std=gnu++11 -std=gnu++11 -E'
CXXDEPMODE='depmode=gcc3'
CXXFLAGS='-g -O2 -O3'
CYGPATH_W='echo'
DEFS=''
DEPDIR='.deps'
DOXYGEN=''
DOXYGENTEST_FALSE=''
DOXYGENTEST_TRUE=''
DRAGON_VERSION_MAJOR='3'
DRAGON_VERSION_MICRO='0'
DRAGON_VERSION_MINOR='1'
DSYMUTIL='dsymutil'
DUMPBIN=''
ECHO_C='\c'
ECHO_N=''
ECHO_T=''
EGREP='/usr/bin/grep -E'
ETAGS='etags'
EXEEXT=''
F77='gfortran'
FFLAGS='-g -O2'
FGREP='/usr/bin/grep -F'
FLIBS=' -L/opt/homebrew/Cellar/gcc/14.2.0/bin/../lib/gcc/current/gcc/aarch64-apple-darwin24/14 -L/opt/homebrew/Cellar/gcc/14.2.0/bin/../lib/gcc/current/gcc -L/opt/homebrew/Cellar/gcc/14.2.0/bin/../lib/gcc/current/gcc/aarch64-apple-darwin24/14/../../.. -lemutls_w -lheapt_w -lgfortran -lquadmath'
GREP='/usr/bin/grep'
GSL_CONFIG='/opt/homebrew/bin/gsl-config'
INSTALL_DATA='${INSTALL} -m 644'
INSTALL_PROGRAM='${INSTALL}'
INSTALL_SCRIPT='${INSTALL}'
INSTALL_STRIP_PROGRAM='$(install_sh) -c -s'
LD='/Library/Developer/CommandLineTools/usr/bin/ld'
LDFLAGS=' -DTIXML_USE_STL'
LIBADD_DL=' '
LIBADD_DLD_LINK=''
LIBADD_DLOPEN=''
LIBADD_SHL_LOAD=''
LIBOBJS=''
LIBS=''
LIBTOOL='$(SHELL) $(top_builddir)/libtool'
LIBTOOL_DEPS='.//ltmain.sh'
LIPO='lipo'
LN_S='ln -s'
LTLIBOBJS=''
LT_DLLOADERS=' dlopen.la'
LT_DLPREOPEN='-dlpreopen dlopen.la '
MAKEINFO='${SHELL} '\''/Users/xiongzheng/Library/CloudStorage/OneDrive-Personal/Documents/GitHub/DRAGON/missing'\'' makeinfo'
MKDIR_P='mkdir -p'
NM='/usr/bin/nm -B'
NMEDIT='nmedit'
OBJDUMP='objdump'
OBJEXT='o'
OTOOL64=':'
OTOOL='otool'
PACKAGE='dragon'
PACKAGE_BUGREPORT='luca.maccione@lmu.de'
PACKAGE_NAME='DRAGON'
PACKAGE_STRING='DRAGON 3.1.0'
PACKAGE_TARNAME='dragon'
PACKAGE_URL=''
PACKAGE_VERSION='3.1.0'
PATH_SEPARATOR=':'
RANLIB='ranlib'
ROOTCOMPIL_FALSE=''
ROOTCOMPIL_TRUE='#'
ROOT_CONFIG=''
SED='/usr/bin/sed'
SET_MAKE=''
SHELL='/bin/sh'
STRIP='strip'
VERSION='3.1.0'
ac_ct_CC='gcc'
ac_ct_CXX='g++'
ac_ct_DUMPBIN=''
ac_ct_F77='gfortran'
am__EXEEXT_FALSE=''
am__EXEEXT_TRUE=''
am__fastdepCC_FALSE='#'
am__fastdepCC_TRUE=''
am__fastdepCXX_FALSE='#'
am__fastdepCXX_TRUE=''
am__include='include'
am__isrc=''
am__leading_dot='.'
am__nodep='_no'
am__quote=''
am__rm_f_notfound=''
am__tar='$${TAR-tar} chof - "$$tardir"'
am__untar='$${TAR-tar} xf -'
am__xargs_n='xargs -n'
bindir='${exec_prefix}/bin'
build='aarch64-apple-darwin24.0.0'
build_alias=''
build_cpu='aarch64'
build_os='darwin24.0.0'
build_vendor='apple'
datadir='${datarootdir}'
datarootdir='${prefix}/share'
docdir='${datarootdir}/doc/${PACKAGE_TARNAME}'
dvidir='${docdir}'
exec_prefix='NONE'
host='aarch64-apple-darwin24.0.0'
host_alias=''
host_cpu='aarch64'
host_os='darwin24.0.0'
host_vendor='apple'
htmldir='${docdir}'
includedir='${prefix}/include'
infodir='${datarootdir}/info'
install_sh='${SHELL} /Users/xiongzheng/Library/CloudStorage/OneDrive-Personal/Documents/GitHub/DRAGON/install-sh'
libdir='${exec_prefix}/lib'
libexecdir='${exec_prefix}/libexec'
localedir='${datarootdir}/locale'
localstatedir='${prefix}/var'
lt_ECHO='/bin/echo'
mandir='${datarootdir}/man'
mkdir_p='$(MKDIR_P)'
oldincludedir='/usr/include'
pdfdir='${docdir}'
prefix='NONE'
program_transform_name='s,x,x,'
psdir='${docdir}'
runstatedir='${localstatedir}/run'
sbindir='${exec_prefix}/sbin'
sharedstatedir='${prefix}/com'
sysconfdir='${prefix}/etc'
target_alias=''

## ----------- ##
## confdefs.h. ##
## ----------- ##

/* confdefs.h */
#define PACKAGE_NAME "DRAGON"
#define PACKAGE_TARNAME "dragon"
#define PACKAGE_VERSION "3.1.0"
#define PACKAGE_STRING "DRAGON 3.1.0"
#define PACKAGE_BUGREPORT "luca.maccione@lmu.de"
#define PACKAGE_URL ""
#define PACKAGE "dragon"
#define VERSION "3.1.0"
#define HAVE_STDIO_H 1
#define HAVE_STDLIB_H 1
#define HAVE_STRING_H 1
#define HAVE_INTTYPES_H 1
#define HAVE_STDINT_H 1
#define HAVE_STRINGS_H 1
#define HAVE_SYS_STAT_H 1
#define HAVE_SYS_TYPES_H 1
#define HAVE_UNISTD_H 1
#define STDC_HEADERS 1
#define HAVE_DLFCN_H 1
#define LT_OBJDIR ".libs/"
#define HAVE_LIBDL 1
#define HAVE_DLERROR 1
#define HAVE_LIBDLLOADER 1
#define HAVE_GSL_GSL_VECTOR_H 1
#define HAVE_GSL_GSL_LINALG_H 1
#define HAVE_GSL_GSL_ERRNO_H 1
#define HAVE_GSL_GSL_SPLINE_H 1
#define OMP_NUM_THREADS 10

configure: exit 1
